<?xml version="1.0" encoding="UTF-8"?>
<!-- Generated by org.testng.reporters.JUnitXMLReporter -->
<testsuite hostname="Kerims-MacBook-Pro.local" ignored="23" name="RegressionTest" tests="4" failures="0" timestamp="2023-02-04T09:59:53 PST" time="0.048" errors="0">
  <testcase name="testOne" time="0.006" classname="com.neotech.lesson01.TestNGDemo"/>
  <testcase name="fourthTest" time="0.001" classname="com.neotech.lesson02.EnableAndDisable"/>
  <testcase name="secondTest" time="0.002" classname="com.neotech.lesson02.PriorityDemo"/>
  <testcase name="thirdTest" time="0.001" classname="com.neotech.lesson02.PriorityDemo"/>
  <testcase name="test1" time="0.0" classname="com.neotech.lesson01.MoreTestNGAnnotations">
    <ignored/>
  </testcase> <!-- test1 -->
  <testcase name="test1" time="0.0" classname="com.neotech.lesson01.TestNGAnnotations">
    <ignored/>
  </testcase> <!-- test1 -->
  <testcase name="titleValidation" time="0.0" classname="com.neotech.lesson02.AssertDemo">
    <ignored/>
  </testcase> <!-- titleValidation -->
  <testcase name="fourthTest" time="0.0" classname="com.neotech.lesson02.DependsDemo">
    <ignored/>
  </testcase> <!-- fourthTest -->
  <testcase name="logoValidation" time="0.0" classname="com.neotech.lesson01.TitleAndLoginValidation">
    <ignored/>
  </testcase> <!-- logoValidation -->
  <testcase name="titleValidation" time="0.0" classname="com.neotech.lesson01.TitleAndLoginValidation">
    <ignored/>
  </testcase> <!-- titleValidation -->
  <testcase name="fourthTest" time="0.0" classname="com.neotech.lesson02.PriorityDemo">
    <ignored/>
  </testcase> <!-- fourthTest -->
  <testcase name="validationLogo" time="0.0" classname="com.neotech.lesson02.AssertDemo">
    <ignored/>
  </testcase> <!-- validationLogo -->
  <testcase name="negativeLoginTest" time="0.0" classname="com.neotech.lesson02.Homework1">
    <ignored/>
  </testcase> <!-- negativeLoginTest -->
  <testcase name="logoAndLoginValidation" time="0.0" classname="com.neotech.lesson02.SoftAssertDemo">
    <ignored/>
  </testcase> <!-- logoAndLoginValidation -->
  <testcase name="testThree" time="0.0" classname="com.neotech.lesson01.TestNGDemo">
    <ignored/>
  </testcase> <!-- testThree -->
  <testcase name="secondTest" time="0.0" classname="com.neotech.lesson02.EnableAndDisable">
    <ignored/>
  </testcase> <!-- secondTest -->
  <testcase name="firstTest" time="0.0" classname="com.neotech.lesson02.DependsDemo">
    <ignored/>
  </testcase> <!-- firstTest -->
  <testcase name="thirdTest" time="0.0" classname="com.neotech.lesson02.EnableAndDisable">
    <ignored/>
  </testcase> <!-- thirdTest -->
  <testcase name="testTwo" time="0.0" classname="com.neotech.lesson01.TestNGDemo">
    <ignored/>
  </testcase> <!-- testTwo -->
  <testcase name="test2" time="0.0" classname="com.neotech.lesson01.TestNGAnnotations">
    <ignored/>
  </testcase> <!-- test2 -->
  <testcase name="firstTest" time="0.0" classname="com.neotech.lesson02.PriorityDemo">
    <ignored/>
  </testcase> <!-- firstTest -->
  <testcase name="loginValidation" time="0.0" classname="com.neotech.lesson02.Homework1">
    <ignored/>
  </testcase> <!-- loginValidation -->
  <testcase name="secondTest" time="0.0" classname="com.neotech.lesson02.DependsDemo">
    <ignored/>
  </testcase> <!-- secondTest -->
  <testcase name="test2" time="0.0" classname="com.neotech.lesson01.MoreTestNGAnnotations">
    <ignored/>
  </testcase> <!-- test2 -->
  <testcase name="loginValidation" time="0.0" classname="com.neotech.lesson01.TitleAndLoginValidation">
    <ignored/>
  </testcase> <!-- loginValidation -->
  <testcase name="thirdTest" time="0.0" classname="com.neotech.lesson02.DependsDemo">
    <ignored/>
  </testcase> <!-- thirdTest -->
  <testcase name="firstTest" time="0.0" classname="com.neotech.lesson02.EnableAndDisable">
    <ignored/>
  </testcase> <!-- firstTest -->
</testsuite> <!-- RegressionTest -->
