<?xml version="1.0" encoding="UTF-8"?>
<!-- Generated by org.testng.reporters.JUnitXMLReporter -->
<testsuite hostname="Kerims-MacBook-Pro.local" ignored="16" name="GroupsDemoTest" tests="3" failures="0" timestamp="2023-01-31T23:17:56 PST" time="0.042" errors="0">
  <testcase name="test1" time="0.006" classname="com.neotech.lesson03.GroupsDemo"/>
  <testcase name="test2" time="0.001" classname="com.neotech.lesson03.GroupsDemo"/>
  <testcase name="test4" time="0.0" classname="com.neotech.lesson03.GroupsDemo"/>
  <testcase name="fourthMethod" time="0.0" classname="com.neotech.lesson03.Homework1">
    <ignored/>
  </testcase> <!-- fourthMethod -->
  <testcase name="logoValidation" time="0.0" classname="com.neotech.lesson01.TitleAndLoginValidation">
    <ignored/>
  </testcase> <!-- logoValidation -->
  <testcase name="titleValidation" time="0.0" classname="com.neotech.lesson01.TitleAndLoginValidation">
    <ignored/>
  </testcase> <!-- titleValidation -->
  <testcase name="firstMethod1" time="0.0" classname="com.neotech.lesson03.Homework1">
    <ignored/>
  </testcase> <!-- firstMethod1 -->
  <testcase name="fourthTest" time="0.0" classname="com.neotech.lesson02.EnableAndDisable">
    <ignored/>
  </testcase> <!-- fourthTest -->
  <testcase name="thirdMethod" time="0.0" classname="com.neotech.lesson03.Homework1">
    <ignored/>
  </testcase> <!-- thirdMethod -->
  <testcase name="testOne" time="0.0" classname="com.neotech.lesson01.TestNGDemo">
    <ignored/>
  </testcase> <!-- testOne -->
  <testcase name="test3" time="0.0" classname="com.neotech.lesson03.GroupsDemo">
    <ignored/>
  </testcase> <!-- test3 -->
  <testcase name="secondMethod" time="0.0" classname="com.neotech.lesson03.Homework1">
    <ignored/>
  </testcase> <!-- secondMethod -->
  <testcase name="testThree" time="0.0" classname="com.neotech.lesson01.TestNGDemo">
    <ignored/>
  </testcase> <!-- testThree -->
  <testcase name="secondTest" time="0.0" classname="com.neotech.lesson02.EnableAndDisable">
    <ignored/>
  </testcase> <!-- secondTest -->
  <testcase name="thirdTest" time="0.0" classname="com.neotech.lesson02.EnableAndDisable">
    <ignored/>
  </testcase> <!-- thirdTest -->
  <testcase name="testTwo" time="0.0" classname="com.neotech.lesson01.TestNGDemo">
    <ignored/>
  </testcase> <!-- testTwo -->
  <testcase name="firstMethod" time="0.0" classname="com.neotech.lesson03.Homework1">
    <ignored/>
  </testcase> <!-- firstMethod -->
  <testcase name="loginValidation" time="0.0" classname="com.neotech.lesson01.TitleAndLoginValidation">
    <ignored/>
  </testcase> <!-- loginValidation -->
  <testcase name="firstTest" time="0.0" classname="com.neotech.lesson02.EnableAndDisable">
    <ignored/>
  </testcase> <!-- firstTest -->
</testsuite> <!-- GroupsDemoTest -->
