<?xml version="1.0" encoding="UTF-8"?>
<!-- Generated by org.testng.reporters.JUnitXMLReporter -->
<testsuite hostname="Kerims-MacBook-Pro.local" ignored="3" name="Test" tests="1" failures="0" timestamp="2023-02-04T10:25:01 PST" time="0.032" errors="0">
  <testcase name="firstTest" time="0.004" classname="com.neotech.lesson02.EnableAndDisable"/>
  <testcase name="secondTest" time="0.0" classname="com.neotech.lesson02.EnableAndDisable">
    <ignored/>
  </testcase> <!-- secondTest -->
  <testcase name="thirdTest" time="0.0" classname="com.neotech.lesson02.EnableAndDisable">
    <ignored/>
  </testcase> <!-- thirdTest -->
  <testcase name="fourthTest" time="0.0" classname="com.neotech.lesson02.EnableAndDisable">
    <ignored/>
  </testcase> <!-- fourthTest -->
</testsuite> <!-- Test -->
