<?xml version="1.0" encoding="UTF-8"?>
<testng-results skipped="0" failed="0" ignored="0" total="1" passed="1">
  <reporter-output>
  </reporter-output>
  <suite name="Default suite" duration-ms="12319" started-at="2023-02-04T11:12:07 PST" finished-at="2023-02-04T11:12:19 PST">
    <groups>
    </groups>
    <test name="Default test" duration-ms="12319" started-at="2023-02-04T11:12:07 PST" finished-at="2023-02-04T11:12:19 PST">
      <class name="com.neotech.tests.LoginTest">
        <test-method status="PASS" signature="setUp()[pri:0, instance:com.neotech.tests.LoginTest@2fd66ad3]" name="setUp" is-config="true" duration-ms="5818" started-at="2023-02-04T11:12:07 PST" finished-at="2023-02-04T11:12:13 PST">
          <reporter-output>
          </reporter-output>
        </test-method> <!-- setUp -->
        <test-method status="PASS" signature="validLogin()[pri:0, instance:com.neotech.tests.LoginTest@2fd66ad3]" name="validLogin" duration-ms="6263" started-at="2023-02-04T11:12:13 PST" finished-at="2023-02-04T11:12:19 PST">
          <reporter-output>
          </reporter-output>
        </test-method> <!-- validLogin -->
        <test-method status="PASS" signature="tearDown()[pri:0, instance:com.neotech.tests.LoginTest@2fd66ad3]" name="tearDown" is-config="true" duration-ms="205" started-at="2023-02-04T11:12:19 PST" finished-at="2023-02-04T11:12:19 PST">
          <reporter-output>
          </reporter-output>
        </test-method> <!-- tearDown -->
      </class> <!-- com.neotech.tests.LoginTest -->
    </test> <!-- Default test -->
  </suite> <!-- Default suite -->
</testng-results>
