<?xml version="1.0" encoding="UTF-8"?>
<!-- Generated by org.testng.reporters.JUnitXMLReporter -->
<testsuite hostname="Kerims-MacBook-Pro.local" ignored="0" name="TestSmoke" tests="7" failures="0" timestamp="2023-02-02T23:24:39 PST" time="0.068" errors="0">
  <testcase name="testOne" time="0.011" classname="com.neotech.lesson01.TestNGDemo"/>
  <testcase name="testThree" time="0.001" classname="com.neotech.lesson01.TestNGDemo"/>
  <testcase name="testTwo" time="0.001" classname="com.neotech.lesson01.TestNGDemo"/>
  <testcase name="firstTest" time="0.001" classname="com.neotech.lesson02.PriorityDemo"/>
  <testcase name="secondTest" time="0.001" classname="com.neotech.lesson02.PriorityDemo"/>
  <testcase name="thirdTest" time="0.002" classname="com.neotech.lesson02.PriorityDemo"/>
  <testcase name="fourthTest" time="0.001" classname="com.neotech.lesson02.PriorityDemo"/>
</testsuite> <!-- TestSmoke -->
